[2025-07-22 13:45:15,883] 224 werkzeug - WARNING - * Debugger is active!
[2025-07-22 13:45:15,888] 224 werkzeug - INFO - * Debugger PIN: 606-082-761
[2025-07-22 13:45:19,546] 224 werkzeug - INFO -127.0.0.1 - - [22/Jul/2025 13:45:19] "GET / HTTP/1.1" 200 -
[2025-07-22 13:45:24,665] 57 root - INFO -Entered initiated_data_ingestion method of data_integration class
[2025-07-22 13:45:24,665] 39 root - INFO -Eporting data from mongodb
[2025-07-22 13:45:25,858] 48 root - INFO -savinng exported data into feature file path: artifacts
[2025-07-22 13:45:25,969] 61 root - INFO -got the data from mongodb
[2025-07-22 13:45:25,970] 62 root - INFO -exited initiate_data_ingestion methods of data ingestion class
[2025-07-22 13:45:25,971] 67 root - INFO -Entered initiate data transformation method of data transfomration class
[2025-07-22 13:45:26,412] 36 root - INFO -Entered the new save_object method of MainUtils class
[2025-07-22 13:45:26,413] 42 root - INFO -Exited the save_objects method of MainUtils class
[2025-07-22 13:45:26,416] 90 root - INFO -splitting training and testing input and target feature
[2025-07-22 13:45:26,417] 93 root - INFO -Extracting model config file path
[2025-07-22 13:45:26,417] 95 root - INFO -Extracting model config file path
[2025-07-22 13:45:33,474] 224 werkzeug - INFO -127.0.0.1 - - [22/Jul/2025 13:45:33] "[35m[1mGET /train HTTP/1.1[0m" 500 -
[2025-07-22 13:45:33,794] 57 root - INFO -Entered initiated_data_ingestion method of data_integration class
[2025-07-22 13:45:33,795] 39 root - INFO -Eporting data from mongodb
[2025-07-22 13:45:34,838] 48 root - INFO -savinng exported data into feature file path: artifacts
[2025-07-22 13:45:34,956] 61 root - INFO -got the data from mongodb
[2025-07-22 13:45:34,957] 62 root - INFO -exited initiate_data_ingestion methods of data ingestion class
[2025-07-22 13:45:34,957] 67 root - INFO -Entered initiate data transformation method of data transfomration class
[2025-07-22 13:45:35,332] 36 root - INFO -Entered the new save_object method of MainUtils class
[2025-07-22 13:45:35,334] 42 root - INFO -Exited the save_objects method of MainUtils class
[2025-07-22 13:45:35,337] 90 root - INFO -splitting training and testing input and target feature
[2025-07-22 13:45:35,337] 93 root - INFO -Extracting model config file path
[2025-07-22 13:45:35,339] 95 root - INFO -Extracting model config file path
[2025-07-22 13:45:41,276] 224 werkzeug - INFO -127.0.0.1 - - [22/Jul/2025 13:45:41] "[35m[1mGET /train HTTP/1.1[0m" 500 -
[2025-07-22 13:45:41,307] 224 werkzeug - INFO -127.0.0.1 - - [22/Jul/2025 13:45:41] "[36mGET /train?__debugger__=yes&cmd=resource&f=style.css HTTP/1.1[0m" 304 -
[2025-07-22 13:45:41,309] 224 werkzeug - INFO -127.0.0.1 - - [22/Jul/2025 13:45:41] "[36mGET /train?__debugger__=yes&cmd=resource&f=debugger.js HTTP/1.1[0m" 304 -
[2025-07-22 13:45:41,640] 224 werkzeug - INFO -127.0.0.1 - - [22/Jul/2025 13:45:41] "[36mGET /train?__debugger__=yes&cmd=resource&f=console.png HTTP/1.1[0m" 304 -
[2025-07-22 13:47:20,206] 224 werkzeug - INFO - * Detected change in 'E:\\DATA ANALYTICS\\Projects\\Sensor Fault Detection\\src\\components\\model_trainer.py', reloading
